Active-HDL 12.0.118.7745 2021-04-07 10:19:54

Elaboration top modules:
VHDL Configuration            testbench_for_test


----------------------------------------------------------------------------------------------
Entity   | Architecture    | Library | Info | Compiler Version          | Compilation Options
----------------------------------------------------------------------------------------------
test_tb  | TB_ARCHITECTURE | cad     |      | 12.0.118.7745 (Windows64) | -O3
test     | test            | cad     |      | 12.0.118.7745 (Windows64) | -O3
----------------------------------------------------------------------------------------------

----------------------------------------------------------------------------------------------
VHDL Configuration         | Library | Info | Compiler Version          | Compilation Options
----------------------------------------------------------------------------------------------
testbench_for_test         | cad     |      |                           | <unavailable>
----------------------------------------------------------------------------------------------

----------------------------------------------------------------------------------------------
VHDL Package               | Library | Info | Compiler Version          | Compilation Options
----------------------------------------------------------------------------------------------
standard                   | std     |      |                           | <unavailable>
TEXTIO                     | std     |      |                           | <unavailable>
std_logic_1164             | ieee    |      |                           | <unavailable>
----------------------------------------------------------------------------------------------

----------------------------------------------------------------------------------------------
Library                    | Comment
----------------------------------------------------------------------------------------------
cad                        | None
ieee                       | Standard IEEE packages library
std                        | Standard VHDL library
----------------------------------------------------------------------------------------------
