Release 14.7 - xst P.20131013 (nt64)
Copyright (c) 1995-2013 Xilinx, Inc.  All rights reserved.
--> Parameter TMPDIR set to xst/projnav.tmp


Total REAL time to Xst completion: 0.00 secs
Total CPU time to Xst completion: 0.28 secs
 
--> Parameter xsthdpdir set to xst


Total REAL time to Xst completion: 0.00 secs
Total CPU time to Xst completion: 0.28 secs
 
--> Reading design: MIPS.prj

TABLE OF CONTENTS
  1) Synthesis Options Summary
  2) HDL Compilation
  3) Design Hierarchy Analysis
  4) HDL Analysis
  5) HDL Synthesis
     5.1) HDL Synthesis Report
  6) Advanced HDL Synthesis
     6.1) Advanced HDL Synthesis Report
  7) Low Level Synthesis
  8) Partition Report
  9) Final Report
	9.1) Device utilization summary
	9.2) Partition Resource Summary
	9.3) TIMING REPORT


=========================================================================
*                      Synthesis Options Summary                        *
=========================================================================
---- Source Parameters
Input File Name                    : "MIPS.prj"
Input Format                       : mixed
Ignore Synthesis Constraint File   : NO

---- Target Parameters
Output File Name                   : "MIPS"
Output Format                      : NGC
Target Device                      : xc3s50-5-pq208

---- Source Options
Top Module Name                    : MIPS
Automatic FSM Extraction           : YES
FSM Encoding Algorithm             : Auto
Safe Implementation                : No
FSM Style                          : LUT
RAM Extraction                     : Yes
RAM Style                          : Auto
ROM Extraction                     : Yes
Mux Style                          : Auto
Decoder Extraction                 : YES
Priority Encoder Extraction        : Yes
Shift Register Extraction          : YES
Logical Shifter Extraction         : YES
XOR Collapsing                     : YES
ROM Style                          : Auto
Mux Extraction                     : Yes
Resource Sharing                   : YES
Asynchronous To Synchronous        : NO
Multiplier Style                   : Auto
Automatic Register Balancing       : No

---- Target Options
Add IO Buffers                     : YES
Global Maximum Fanout              : 100000
Add Generic Clock Buffer(BUFG)     : 8
Register Duplication               : YES
Slice Packing                      : YES
Optimize Instantiated Primitives   : NO
Use Clock Enable                   : Yes
Use Synchronous Set                : Yes
Use Synchronous Reset              : Yes
Pack IO Registers into IOBs        : Auto
Equivalent register Removal        : YES

---- General Options
Optimization Goal                  : Speed
Optimization Effort                : 1
Keep Hierarchy                     : No
Netlist Hierarchy                  : As_Optimized
RTL Output                         : Yes
Global Optimization                : AllClockNets
Read Cores                         : YES
Write Timing Constraints           : NO
Cross Clock Analysis               : NO
Hierarchy Separator                : /
Bus Delimiter                      : <>
Case Specifier                     : Maintain
Slice Utilization Ratio            : 100
BRAM Utilization Ratio             : 100
Verilog 2001                       : YES
Auto BRAM Packing                  : NO
Slice Utilization Ratio Delta      : 5

=========================================================================


=========================================================================
*                          HDL Compilation                              *
=========================================================================
Compiling vhdl file "C:/Users/home/Desktop/temp/MRH/Instruction_Memory.vhd" in Library work.
Architecture behavioral of Entity instruction_memory is up to date.
Compiling vhdl file "C:/Users/home/Desktop/temp/MRH/ALU_suma.vhd" in Library work.
Architecture behavioral of Entity alu_suma is up to date.
Compiling vhdl file "C:/Users/home/Desktop/temp/MRH/SignExtend.vhd" in Library work.
Architecture behavioral of Entity signextend is up to date.
Compiling vhdl file "C:/Users/home/Desktop/temp/MRH/corrimiento.vhd" in Library work.
Architecture behavioral of Entity corrimiento is up to date.
Compiling vhdl file "C:/Users/home/Desktop/temp/MRH/DataPath.vhd" in Library work.
Entity <mips> compiled.
ERROR:HDLParsers:3312 - "C:/Users/home/Desktop/temp/MRH/DataPath.vhd" Line 102. Undefined symbol 'pc_out'.
ERROR:HDLParsers:1209 - "C:/Users/home/Desktop/temp/MRH/DataPath.vhd" Line 102. pc_out: Undefined symbol (last report in this block)
ERROR:HDLParsers:3312 - "C:/Users/home/Desktop/temp/MRH/DataPath.vhd" Line 104. Undefined symbol 'instr'.
ERROR:HDLParsers:1209 - "C:/Users/home/Desktop/temp/MRH/DataPath.vhd" Line 104. instr: Undefined symbol (last report in this block)
ERROR:HDLParsers:3324 - "C:/Users/home/Desktop/temp/MRH/DataPath.vhd" Line 101. IN mode Formal dir of Instruction_Memory with no default value must be associated with an actual value.
ERROR:HDLParsers:3312 - "C:/Users/home/Desktop/temp/MRH/DataPath.vhd" Line 111. Undefined symbol 'pc_out_next'.
ERROR:HDLParsers:1209 - "C:/Users/home/Desktop/temp/MRH/DataPath.vhd" Line 111. pc_out_next: Undefined symbol (last report in this block)
ERROR:HDLParsers:851 - "C:/Users/home/Desktop/temp/MRH/DataPath.vhd" Line 107. Formal a of ALU_suma with no default value must be associated with an actual value.
ERROR:HDLParsers:3313 - "C:/Users/home/Desktop/temp/MRH/DataPath.vhd" Line 114. Undefined symbol 'srca'.  Should it be: sra?
ERROR:HDLParsers:1209 - "C:/Users/home/Desktop/temp/MRH/DataPath.vhd" Line 114. srca: Undefined symbol (last report in this block)
ERROR:HDLParsers:3312 - "C:/Users/home/Desktop/temp/MRH/DataPath.vhd" Line 115. Undefined symbol 'srcb'.
ERROR:HDLParsers:1209 - "C:/Users/home/Desktop/temp/MRH/DataPath.vhd" Line 115. srcb: Undefined symbol (last report in this block)
ERROR:HDLParsers:3312 - "C:/Users/home/Desktop/temp/MRH/DataPath.vhd" Line 116. Undefined symbol 'aluctrl'.
ERROR:HDLParsers:1209 - "C:/Users/home/Desktop/temp/MRH/DataPath.vhd" Line 116. aluctrl: Undefined symbol (last report in this block)
ERROR:HDLParsers:3312 - "C:/Users/home/Desktop/temp/MRH/DataPath.vhd" Line 117. Undefined symbol 'zero'.
ERROR:HDLParsers:1209 - "C:/Users/home/Desktop/temp/MRH/DataPath.vhd" Line 117. zero: Undefined symbol (last report in this block)
ERROR:HDLParsers:3312 - "C:/Users/home/Desktop/temp/MRH/DataPath.vhd" Line 119. Undefined symbol 'alu_result'.
ERROR:HDLParsers:1209 - "C:/Users/home/Desktop/temp/MRH/DataPath.vhd" Line 119. alu_result: Undefined symbol (last report in this block)
ERROR:HDLParsers:3324 - "C:/Users/home/Desktop/temp/MRH/DataPath.vhd" Line 113. IN mode Formal a of ALU with no default value must be associated with an actual value.
ERROR:HDLParsers:3312 - "C:/Users/home/Desktop/temp/MRH/DataPath.vhd" Line 122. Undefined symbol 'inmd'.
ERROR:HDLParsers:1209 - "C:/Users/home/Desktop/temp/MRH/DataPath.vhd" Line 122. inmd: Undefined symbol (last report in this block)
ERROR:HDLParsers:3312 - "C:/Users/home/Desktop/temp/MRH/DataPath.vhd" Line 124. Undefined symbol 'extsig_out'.
ERROR:HDLParsers:1209 - "C:/Users/home/Desktop/temp/MRH/DataPath.vhd" Line 124. extsig_out: Undefined symbol (last report in this block)
ERROR:HDLParsers:3324 - "C:/Users/home/Desktop/temp/MRH/DataPath.vhd" Line 121. IN mode Formal din of SignExtend with no default value must be associated with an actual value.
ERROR:HDLParsers:3312 - "C:/Users/home/Desktop/temp/MRH/DataPath.vhd" Line 127. Undefined symbol 'alusrc'.
ERROR:HDLParsers:1209 - "C:/Users/home/Desktop/temp/MRH/DataPath.vhd" Line 127. alusrc: Undefined symbol (last report in this block)
ERROR:HDLParsers:3312 - "C:/Users/home/Desktop/temp/MRH/DataPath.vhd" Line 128. Undefined symbol 'rd2'.
ERROR:HDLParsers:1209 - "C:/Users/home/Desktop/temp/MRH/DataPath.vhd" Line 128. rd2: Undefined symbol (last report in this block)
ERROR:HDLParsers:3324 - "C:/Users/home/Desktop/temp/MRH/DataPath.vhd" Line 126. IN mode Formal ctrl of Mux_2to1_32b with no default value must be associated with an actual value.
ERROR:HDLParsers:3312 - "C:/Users/home/Desktop/temp/MRH/DataPath.vhd" Line 136. Undefined symbol 'despl_out'.
ERROR:HDLParsers:1209 - "C:/Users/home/Desktop/temp/MRH/DataPath.vhd" Line 136. despl_out: Undefined symbol (last report in this block)
ERROR:HDLParsers:3324 - "C:/Users/home/Desktop/temp/MRH/DataPath.vhd" Line 133. IN mode Formal din of corrimiento with no default value must be associated with an actual value.
ERROR:HDLParsers:3312 - "C:/Users/home/Desktop/temp/MRH/DataPath.vhd" Line 143. Undefined symbol 'pc_branch'.
ERROR:HDLParsers:1209 - "C:/Users/home/Desktop/temp/MRH/DataPath.vhd" Line 143. pc_branch: Undefined symbol (last report in this block)
ERROR:HDLParsers:3324 - "C:/Users/home/Desktop/temp/MRH/DataPath.vhd" Line 139. IN mode Formal a of ALU_suma with no default value must be associated with an actual value.
--> 

Total memory usage is 4503420 kilobytes

Number of errors   :   35 (   0 filtered)
Number of warnings :    0 (   0 filtered)
Number of infos    :    0 (   0 filtered)

