Running: C:\Xilinx\14.7\ISE_DS\ISE\bin\nt64\unwrapped\fuse.exe -intstyle ise -incremental -o C:/Users/home/Desktop/Project/k/MIPS_isim_beh.exe -prj C:/Users/home/Desktop/Project/k/MIPS_beh.prj MIPS 
ISim P.20131013 (signature 0x7708f090)
Number of CPUs detected in this system: 4
Turning on mult-threading, number of parallel sub-compilation jobs: 8 
Determining compilation order of HDL files
Parsing VHDL file "C:/Users/home/Desktop/Project/k/zero_extend.vhd" into library work
Parsing VHDL file "C:/Users/home/Desktop/Project/k/mux_4_32b.vhd" into library work
Parsing VHDL file "C:/Users/home/Desktop/Project/k/Mux_2to1_32b.vhd" into library work
Parsing VHDL file "C:/Users/home/Desktop/Project/k/MainDecoder.vhd" into library work
Parsing VHDL file "C:/Users/home/Desktop/Project/k/alu_sum_res.vhd" into library work
Parsing VHDL file "C:/Users/home/Desktop/Project/k/ALUdecoder.vhd" into library work
Parsing VHDL file "C:/Users/home/Desktop/Project/k/SignExtend.vhd" into library work
Parsing VHDL file "C:/Users/home/Desktop/Project/k/Register_File.vhd" into library work
Parsing VHDL file "C:/Users/home/Desktop/Project/k/PC.vhd" into library work
Parsing VHDL file "C:/Users/home/Desktop/Project/k/Mux_2to1_5bits.vhd" into library work
Parsing VHDL file "C:/Users/home/Desktop/Project/k/Instruction_Memory.vhd" into library work
Parsing VHDL file "C:/Users/home/Desktop/Project/k/corrimiento.vhd" into library work
Parsing VHDL file "C:/Users/home/Desktop/Project/k/ControlUnit.vhd" into library work
Parsing VHDL file "C:/Users/home/Desktop/Project/k/ALU_suma.vhd" into library work
Parsing VHDL file "C:/Users/home/Desktop/Project/k/ALU.vhd" into library work
Parsing VHDL file "C:/Users/home/Desktop/Project/k/DataPath.vhd" into library work
Starting static elaboration
Completed static elaboration
Compiling package standard
Compiling package std_logic_1164
Compiling package std_logic_arith
Compiling package std_logic_unsigned
Compiling package numeric_std
Compiling architecture behavioral of entity MainDecoder [maindecoder_default]
Compiling architecture behavioral of entity ALUdecoder [aludecoder_default]
Compiling architecture behavioral of entity ControlUnit [controlunit_default]
Compiling architecture behavioral of entity PC [pc_default]
Compiling architecture behavioral of entity Instruction_Memory [instruction_memory_default]
Compiling architecture behavioral of entity ALU_suma [alu_suma_default]
Compiling architecture behavioral of entity Mux_2to1_5bits [mux_2to1_5bits_default]
Compiling architecture behavioral of entity Register_File [register_file_default]
Compiling architecture behavioral of entity Mux_2to1_32b [mux_2to1_32b_default]
Compiling architecture behavioral of entity alu_sum_res [alu_sum_res_default]
Compiling architecture behavioral of entity zero_extend [zero_extend_default]
Compiling architecture behavioral of entity mux_4_32b [mux_4_32b_default]
Compiling architecture behavioral of entity ALU [alu_default]
Compiling architecture behavioral of entity SignExtend [signextend_default]
Compiling architecture behavioral of entity corrimiento [corrimiento_default]
Compiling architecture behavioral of entity mips
Time Resolution for simulation is 1ps.
Waiting for 13 sub-compilation(s) to finish...
WARNING:Simulator - Unable to copy libPortabilityNOSH.dll to the simulation executable directory: boost::filesystem::copy_file: The system cannot find the path specified, "isim\MIPS_isim_beh.exe.sim\libPortability.dll".
Compiled 36 VHDL Units
Built simulation executable C:/Users/home/Desktop/Project/k/MIPS_isim_beh.exe
Fuse Memory Usage: 37460 KB
Fuse CPU Usage: 1968 ms
