--------------------------------------------------------------------------------
Release 14.7 Trace  (nt64)
Copyright (c) 1995-2013 Xilinx, Inc.  All rights reserved.

C:\Xilinx\14.7\ISE_DS\ISE\bin\nt64\unwrapped\trce.exe -intstyle ise -v 3 -s 5
-n 3 -fastpaths -xml Tam08.twx Tam08.ncd -o Tam08.twr Tam08.pcf

Design file:              Tam08.ncd
Physical constraint file: Tam08.pcf
Device,package,speed:     xc3s400,pq208,-5 (PRODUCTION 1.39 2013-10-13)
Report level:             verbose report

Environment Variable      Effect 
--------------------      ------ 
NONE                      No environment variables were set
--------------------------------------------------------------------------------

INFO:Timing:2698 - No timing constraints found, doing default enumeration.
INFO:Timing:3412 - To improve timing, see the Timing Closure User Guide (UG612).
INFO:Timing:2752 - To get complete path coverage, use the unconstrained paths 
   option. All paths that are not constrained will be reported in the 
   unconstrained paths section(s) of the report.
INFO:Timing:3339 - The clock-to-out numbers in this timing report are based on 
   a 50 Ohm transmission line loading model.  For the details of this model, 
   and for more information on accounting for different loading conditions, 
   please see the device datasheet.
INFO:Timing:3390 - This architecture does not support a default System Jitter 
   value, please add SYSTEM_JITTER constraint to the UCF to modify the Clock 
   Uncertainty calculation.
INFO:Timing:3389 - This architecture does not support 'Discrete Jitter' and 
   'Phase Error' calculations, these terms will be zero in the Clock 
   Uncertainty calculation.  Please make appropriate modification to 
   SYSTEM_JITTER to account for the unsupported Discrete Jitter and Phase 
   Error.



Data Sheet report:
-----------------
All values displayed in nanoseconds (ns)

Pad to Pad
---------------+---------------+---------+
Source Pad     |Destination Pad|  Delay  |
---------------+---------------+---------+
E              |Q<0>           |    7.602|
E              |Q<1>           |    7.432|
E              |Q<2>           |    7.536|
E              |Q<3>           |    7.452|
E              |Q<4>           |    6.680|
E              |Q<5>           |    6.769|
E              |Q<6>           |    6.668|
E              |Q<7>           |    6.942|
S<0>           |Q<0>           |    6.595|
S<0>           |Q<1>           |    6.530|
S<0>           |Q<2>           |    6.955|
S<0>           |Q<3>           |    7.044|
S<0>           |Q<4>           |    7.509|
S<0>           |Q<5>           |    7.530|
S<0>           |Q<6>           |    7.790|
S<0>           |Q<7>           |    8.069|
S<1>           |Q<0>           |    6.696|
S<1>           |Q<1>           |    6.699|
S<1>           |Q<2>           |    6.890|
S<1>           |Q<3>           |    6.875|
S<1>           |Q<4>           |    7.545|
S<1>           |Q<5>           |    7.530|
S<1>           |Q<6>           |    7.806|
S<1>           |Q<7>           |    8.006|
S<2>           |Q<0>           |    6.623|
S<2>           |Q<1>           |    6.522|
S<2>           |Q<2>           |    6.557|
S<2>           |Q<3>           |    6.578|
S<2>           |Q<4>           |    7.566|
S<2>           |Q<5>           |    7.482|
S<2>           |Q<6>           |    7.444|
S<2>           |Q<7>           |    7.657|
---------------+---------------+---------+


Analysis completed Fri Dec 25 06:31:41 2020 
--------------------------------------------------------------------------------

Trace Settings:
-------------------------
Trace Settings 

Peak Memory Usage: 4491 MB



