Active-HDL 12.0.118.7745 2022-04-22 20:10:02

Elaboration top modules:
VHDL Configuration            testbench_for_serial


-----------------------------------------------------------------------------------------------
Entity    | Architecture    | Library | Info | Compiler Version          | Compilation Options
-----------------------------------------------------------------------------------------------
serial_tb | TB_ARCHITECTURE | serial  |      | 12.0.118.7745 (Windows64) | -O3
serial    | serial          | serial  |      | 12.0.118.7745 (Windows64) | -O3
-----------------------------------------------------------------------------------------------

-----------------------------------------------------------------------------------------------
VHDL Configuration          | Library | Info | Compiler Version          | Compilation Options
-----------------------------------------------------------------------------------------------
testbench_for_serial        | serial  |      |                           | <unavailable>
-----------------------------------------------------------------------------------------------

-----------------------------------------------------------------------------------------------
VHDL Package                | Library | Info | Compiler Version          | Compilation Options
-----------------------------------------------------------------------------------------------
standard                    | std     |      |                           | <unavailable>
TEXTIO                      | std     |      |                           | <unavailable>
std_logic_1164              | ieee    |      |                           | <unavailable>
-----------------------------------------------------------------------------------------------

-----------------------------------------------------------------------------------------------
Library                     | Comment
-----------------------------------------------------------------------------------------------
ieee                        | Standard IEEE packages library
serial                      | None
std                         | Standard VHDL library
-----------------------------------------------------------------------------------------------


Simulation Options: asim +access +r TESTBENCH_FOR_serial

