Running: C:\Xilinx\14.7\ISE_DS\ISE\bin\nt64\unwrapped\fuse.exe -intstyle ise -incremental -o E:/Xilinx/Computer Architecture Lab/Project/RAM/RAM_Test_isim_beh.exe -prj E:/Xilinx/Computer Architecture Lab/Project/RAM/RAM_Test_beh.prj work.RAM_Test 
ISim P.20131013 (signature 0x7708f090)
Number of CPUs detected in this system: 8
Turning on mult-threading, number of parallel sub-compilation jobs: 16 
Determining compilation order of HDL files
Parsing VHDL file "E:/Xilinx/Computer Architecture Lab/Project/RAM/RAM.vhd" into library work
Parsing VHDL file "E:/Xilinx/Computer Architecture Lab/Project/RAM/RAM_Test.vhd" into library work
Starting static elaboration
Completed static elaboration
Compiling package standard
Compiling package std_logic_1164
Compiling package std_logic_arith
Compiling package std_logic_unsigned
Compiling package numeric_std
Compiling architecture behavioral of entity RAM [ram_default]
Compiling architecture behavior of entity ram_test
Time Resolution for simulation is 1ps.
Waiting for 1 sub-compilation(s) to finish...
Compiled 8 VHDL Units
Built simulation executable E:/Xilinx/Computer Architecture Lab/Project/RAM/RAM_Test_isim_beh.exe
Fuse Memory Usage: 37324 KB
Fuse CPU Usage: 546 ms
