Running: C:\Xilinx\14.7\ISE_DS\ISE\bin\nt64\unwrapped\fuse.exe -intstyle ise -incremental -o C:/Users/home/Desktop/MIPS_processor-master/new/ALU_Control_isim_beh.exe -prj C:/Users/home/Desktop/MIPS_processor-master/new/ALU_Control_beh.prj work.ALU_Control 
ISim P.20131013 (signature 0x7708f090)
Number of CPUs detected in this system: 4
Turning on mult-threading, number of parallel sub-compilation jobs: 8 
Determining compilation order of HDL files
Parsing VHDL file "C:/Users/home/Desktop/MIPS_processor-master/new/../../tempp/ALUControl.vhd" into library work
Starting static elaboration
Completed static elaboration
Compiling package standard
Compiling package std_logic_1164
Compiling package std_logic_arith
Compiling package std_logic_unsigned
Compiling architecture behavioral of entity alu_control
Time Resolution for simulation is 1ps.
Waiting for 1 sub-compilation(s) to finish...
WARNING:Simulator - Unable to copy libPortabilityNOSH.dll to the simulation executable directory: boost::filesystem::copy_file: The system cannot find the path specified, "isim\ALU_Control_isim_beh.exe.sim\libPortability.dll".
Compiled 5 VHDL Units
Built simulation executable C:/Users/home/Desktop/MIPS_processor-master/new/ALU_Control_isim_beh.exe
Fuse Memory Usage: 33144 KB
Fuse CPU Usage: 875 ms
