Release 14.7 - xst P.20131013 (nt64)
Copyright (c) 1995-2013 Xilinx, Inc.  All rights reserved.
--> Parameter TMPDIR set to xst/projnav.tmp


Total REAL time to Xst completion: 0.00 secs
Total CPU time to Xst completion: 0.41 secs
 
--> Parameter xsthdpdir set to xst


Total REAL time to Xst completion: 0.00 secs
Total CPU time to Xst completion: 0.42 secs
 
--> Reading design: pc.prj

TABLE OF CONTENTS
  1) Synthesis Options Summary
  2) HDL Compilation
  3) Design Hierarchy Analysis
  4) HDL Analysis
  5) HDL Synthesis
     5.1) HDL Synthesis Report
  6) Advanced HDL Synthesis
     6.1) Advanced HDL Synthesis Report
  7) Low Level Synthesis
  8) Partition Report
  9) Final Report
	9.1) Device utilization summary
	9.2) Partition Resource Summary
	9.3) TIMING REPORT


=========================================================================
*                      Synthesis Options Summary                        *
=========================================================================
---- Source Parameters
Input File Name                    : "pc.prj"
Input Format                       : mixed
Ignore Synthesis Constraint File   : NO

---- Target Parameters
Output File Name                   : "pc"
Output Format                      : NGC
Target Device                      : xc3s1200e-5-fg320

---- Source Options
Top Module Name                    : pc
Automatic FSM Extraction           : YES
FSM Encoding Algorithm             : Auto
Safe Implementation                : No
FSM Style                          : LUT
RAM Extraction                     : Yes
RAM Style                          : Auto
ROM Extraction                     : Yes
Mux Style                          : Auto
Decoder Extraction                 : YES
Priority Encoder Extraction        : Yes
Shift Register Extraction          : YES
Logical Shifter Extraction         : YES
XOR Collapsing                     : YES
ROM Style                          : Auto
Mux Extraction                     : Yes
Resource Sharing                   : YES
Asynchronous To Synchronous        : NO
Multiplier Style                   : Auto
Automatic Register Balancing       : No

---- Target Options
Add IO Buffers                     : YES
Global Maximum Fanout              : 500
Add Generic Clock Buffer(BUFG)     : 24
Register Duplication               : YES
Slice Packing                      : YES
Optimize Instantiated Primitives   : NO
Use Clock Enable                   : Yes
Use Synchronous Set                : Yes
Use Synchronous Reset              : Yes
Pack IO Registers into IOBs        : Auto
Equivalent register Removal        : YES

---- General Options
Optimization Goal                  : Speed
Optimization Effort                : 1
Keep Hierarchy                     : No
Netlist Hierarchy                  : As_Optimized
RTL Output                         : Yes
Global Optimization                : AllClockNets
Read Cores                         : YES
Write Timing Constraints           : NO
Cross Clock Analysis               : NO
Hierarchy Separator                : /
Bus Delimiter                      : <>
Case Specifier                     : Maintain
Slice Utilization Ratio            : 100
BRAM Utilization Ratio             : 100
Verilog 2001                       : YES
Auto BRAM Packing                  : NO
Slice Utilization Ratio Delta      : 5

=========================================================================


=========================================================================
*                          HDL Compilation                              *
=========================================================================
Compiling vhdl file "C:/Users/home/Desktop/tempp/programcounter.vhd" in Library work.
Architecture behavioral of Entity pc is up to date.
Compiling vhdl file "C:/Users/home/Desktop/tempp/sign_extend.vhd" in Library work.
Entity <sign_extend> compiled.
Entity <sign_extend> (Architecture <behavioral>) compiled.
Compiling vhdl file "C:/Users/home/Desktop/tempp/register_file.vhd" in Library work.
Architecture behavioral of Entity register_file is up to date.
Compiling vhdl file "C:/Users/home/Desktop/tempp/PCA.vhd" in Library work.
Architecture behavioral of Entity pca is up to date.
Compiling vhdl file "C:/Users/home/Desktop/tempp/MUX5.vhd" in Library work.
Architecture behavioral of Entity mux5 is up to date.
Compiling vhdl file "C:/Users/home/Desktop/tempp/MUX.vhd" in Library work.
Architecture behavioral of Entity mux is up to date.
Compiling vhdl file "C:/Users/home/Desktop/tempp/jump_adder.vhd" in Library work.
Architecture behavioral of Entity jump_adder is up to date.
Compiling vhdl file "C:/Users/home/Desktop/tempp/IMem.vhd" in Library work.
Architecture behavioral of Entity imem is up to date.
Compiling vhdl file "C:/Users/home/Desktop/tempp/data_memory.vhd" in Library work.
Architecture behavioral of Entity data_memory is up to date.
Compiling vhdl file "C:/Users/home/Desktop/tempp/Control.vhd" in Library work.
Architecture behavioral of Entity control is up to date.
Compiling vhdl file "C:/Users/home/Desktop/tempp/ALUControl.vhd" in Library work.
Architecture behavioral of Entity alu_control is up to date.
Compiling vhdl file "C:/Users/home/Desktop/tempp/ALU.vhd" in Library work.
Architecture behavioral of Entity alu is up to date.

=========================================================================
*                     Design Hierarchy Analysis                         *
=========================================================================
Analyzing hierarchy for entity <pc> in library <work> (architecture <behavioral>).


=========================================================================
*                            HDL Analysis                               *
=========================================================================
Analyzing Entity <pc> in library <work> (Architecture <behavioral>).
Entity <pc> analyzed. Unit <pc> generated.


=========================================================================
*                           HDL Synthesis                               *
=========================================================================

Performing bidirectional port resolution...

Synthesizing Unit <pc>.
    Related source file is "C:/Users/home/Desktop/tempp/programcounter.vhd".
    Found 32-bit register for signal <PC_out>.
    Found 1-bit register for signal <PC_reset>.
    Summary:
	inferred  33 D-type flip-flop(s).
Unit <pc> synthesized.


=========================================================================
HDL Synthesis Report

Macro Statistics
# Registers                                            : 2
 1-bit register                                        : 1
 32-bit register                                       : 1

=========================================================================

=========================================================================
*                       Advanced HDL Synthesis                          *
=========================================================================


=========================================================================
Advanced HDL Synthesis Report

Macro Statistics
# Registers                                            : 33
 Flip-Flops                                            : 33

=========================================================================

=========================================================================
*                         Low Level Synthesis                           *
=========================================================================

Optimizing unit <pc> ...

Mapping all equations...
Building and optimizing final netlist ...
Found area constraint ratio of 100 (+ 5) on block pc, actual ratio is 0.

Final Macro Processing ...

=========================================================================
Final Register Report

Macro Statistics
# Registers                                            : 33
 Flip-Flops                                            : 33

=========================================================================

=========================================================================
*                           Partition Report                            *
=========================================================================

Partition Implementation Status
-------------------------------

  No Partitions were found in this design.

-------------------------------

=========================================================================
*                            Final Report                               *
=========================================================================
Final Results
RTL Top Level Output File Name     : pc.ngr
Top Level Output File Name         : pc
Output Format                      : NGC
Optimization Goal                  : Speed
Keep Hierarchy                     : No

Design Statistics
# IOs                              : 66

Cell Usage :
# BELS                             : 1
#      GND                         : 1
# FlipFlops/Latches                : 33
#      FDP                         : 1
#      FDR                         : 32
# Clock Buffers                    : 1
#      BUFGP                       : 1
# IO Buffers                       : 65
#      IBUF                        : 33
#      OBUF                        : 32
=========================================================================

Device utilization summary:
---------------------------

Selected Device : 3s1200efg320-5 

 Number of Slices:                       19  out of   8672     0%  
 Number of Slice Flip Flops:             33  out of  17344     0%  
 Number of IOs:                          66
 Number of bonded IOBs:                  66  out of    250    26%  
 Number of GCLKs:                         1  out of     24     4%  

---------------------------
Partition Resource Summary:
---------------------------

  No Partitions were found in this design.

---------------------------


=========================================================================
TIMING REPORT

NOTE: THESE TIMING NUMBERS ARE ONLY A SYNTHESIS ESTIMATE.
      FOR ACCURATE TIMING INFORMATION PLEASE REFER TO THE TRACE REPORT
      GENERATED AFTER PLACE-and-ROUTE.

Clock Information:
------------------
-----------------------------------+------------------------+-------+
Clock Signal                       | Clock buffer(FF name)  | Load  |
-----------------------------------+------------------------+-------+
clk                                | BUFGP                  | 33    |
-----------------------------------+------------------------+-------+

Asynchronous Control Signals Information:
----------------------------------------
-----------------------------------+------------------------+-------+
Control Signal                     | Buffer(FF name)        | Load  |
-----------------------------------+------------------------+-------+
reset                              | IBUF                   | 1     |
-----------------------------------+------------------------+-------+

Timing Summary:
---------------
Speed Grade: -5

   Minimum period: 2.382ns (Maximum Frequency: 419.837MHz)
   Minimum input arrival time before clock: 1.731ns
   Maximum output required time after clock: 4.040ns
   Maximum combinational path delay: No path found

Timing Detail:
--------------
All values displayed in nanoseconds (ns)

=========================================================================
Timing constraint: Default period analysis for Clock 'clk'
  Clock period: 2.382ns (frequency: 419.837MHz)
  Total number of paths / destination ports: 32 / 32
-------------------------------------------------------------------------
Delay:               2.382ns (Levels of Logic = 0)
  Source:            PC_reset (FF)
  Destination:       PC_out_0 (FF)
  Source Clock:      clk rising
  Destination Clock: clk rising

  Data Path: PC_reset to PC_out_0
                                Gate     Net
    Cell:in->out      fanout   Delay   Delay  Logical Name (Net Name)
    ----------------------------------------  ------------
     FDP:C->Q             32   0.514   1.073  PC_reset (PC_reset)
     FDR:R                     0.795          PC_out_0
    ----------------------------------------
    Total                      2.382ns (1.309ns logic, 1.073ns route)
                                       (55.0% logic, 45.0% route)

=========================================================================
Timing constraint: Default OFFSET IN BEFORE for Clock 'clk'
  Total number of paths / destination ports: 32 / 32
-------------------------------------------------------------------------
Offset:              1.731ns (Levels of Logic = 1)
  Source:            PC_in<0> (PAD)
  Destination:       PC_out_0 (FF)
  Destination Clock: clk rising

  Data Path: PC_in<0> to PC_out_0
                                Gate     Net
    Cell:in->out      fanout   Delay   Delay  Logical Name (Net Name)
    ----------------------------------------  ------------
     IBUF:I->O             1   1.106   0.357  PC_in_0_IBUF (PC_in_0_IBUF)
     FDR:D                     0.268          PC_out_0
    ----------------------------------------
    Total                      1.731ns (1.374ns logic, 0.357ns route)
                                       (79.4% logic, 20.6% route)

=========================================================================
Timing constraint: Default OFFSET OUT AFTER for Clock 'clk'
  Total number of paths / destination ports: 32 / 32
-------------------------------------------------------------------------
Offset:              4.040ns (Levels of Logic = 1)
  Source:            PC_out_31 (FF)
  Destination:       PC_out<31> (PAD)
  Source Clock:      clk rising

  Data Path: PC_out_31 to PC_out<31>
                                Gate     Net
    Cell:in->out      fanout   Delay   Delay  Logical Name (Net Name)
    ----------------------------------------  ------------
     FDR:C->Q              1   0.514   0.357  PC_out_31 (PC_out_31)
     OBUF:I->O                 3.169          PC_out_31_OBUF (PC_out<31>)
    ----------------------------------------
    Total                      4.040ns (3.683ns logic, 0.357ns route)
                                       (91.2% logic, 8.8% route)

=========================================================================


Total REAL time to Xst completion: 10.00 secs
Total CPU time to Xst completion: 10.26 secs
 
--> 

Total memory usage is 4521456 kilobytes

Number of errors   :    0 (   0 filtered)
Number of warnings :    0 (   0 filtered)
Number of infos    :    0 (   0 filtered)

