#
# A fatal error has been detected by the Java Runtime Environment:
#
#  EXCEPTION_ACCESS_VIOLATION (0xc0000005) at pc=0x00000000521a2b4c, pid=15596, tid=0x00000000000020f0
#
# JRE version: Java(TM) SE Runtime Environment (8.0_161-b12) (build 1.8.0_161-b12)
# Java VM: Java HotSpot(TM) 64-Bit Server VM (25.161-b12 mixed mode windows-amd64 compressed oops)
# Problematic frame:
# C  [jdwp.dll+0x22b4c]
#
# Failed to write core dump. Minidumps are not enabled by default on client versions of Windows
#
# If you would like to submit a bug report, please visit:
#   http://bugreport.java.com/bugreport/crash.jsp
# The crash happened outside the Java Virtual Machine in native code.
# See problematic frame for where to report the bug.
#

---------------  T H R E A D  ---------------

Current thread (0x0000000019569800):  JavaThread "JDWP Command Reader" daemon [_thread_in_native, id=8432, stack(0x000000001b0d0000,0x000000001b1d0000)]

siginfo: ExceptionCode=0xc0000005, reading address 0x0000000000000000

Registers:
RAX=0x00000000521af5a0, RBX=0x000000000000000c, RCX=0x0000000000000000, RDX=0x0000000000000028
RSP=0x000000001b1cf630, RBP=0x000000001b1cf8a0, RSI=0x0000000000000004, RDI=0x00000000521633c0
R8 =0x000000001b1cf698, R9 =0x7efefefefefeff6b, R10=0x81010101010100f8, R11=0x8101010101010100
R12=0x00000000521a91d8, R13=0x000000001956a3b8, R14=0x0000000000000000, R15=0x0000000000000000
RIP=0x00000000521a2b4c, EFLAGS=0x0000000000010206

Top of Stack: (sp=0x000000001b1cf630)
0x000000001b1cf630:   000000001b1cf6b0 0000000000012017
0x000000001b1cf640:   000000001b1cf678 0000000000000018
0x000000001b1cf650:   0000000000000000 00000000521623c0
0x000000001b1cf660:   c000012000002714 0000000000000000
0x000000001b1cf670:   000000001b1cf6b0 000000001b1cf768
0x000000001b1cf680:   00000000521633c0 000000005216108e
0x000000001b1cf690:   000000000000000c 000000000099ff80
0x000000001b1cf6a0:   0000000000000004 00007ffe67261630
0x000000001b1cf6b0:   7075727265746e49 636e756620646574
0x000000001b1cf6c0:   6c6163206e6f6974 000000000000006c
0x000000001b1cf6d0:   0000000000000000 0000000000000000
0x000000001b1cf6e0:   000022a905f5f6e2 00000000521a91d8
0x000000001b1cf6f0:   00000000000003d4 00007ffe6508a0b1
0x000000001b1cf700:   0000000000002714 0000000000974600
0x000000001b1cf710:   0000000000000004 000000001b1cf754
0x000000001b1cf720:   000000001b1cf7b8 0000000000000000 

Instructions: (pc=0x00000000521a2b4c)
0x00000000521a2b2c:   83 ec 50 48 63 d1 85 c9 75 07 33 c0 e9 84 00 00
0x00000000521a2b3c:   00 48 8b 05 a4 d1 00 00 4c 8d 44 24 68 48 8b 08
0x00000000521a2b4c:   48 8b 01 ff 90 68 01 00 00 8b f8 85 c0 74 61 8b
0x00000000521a2b5c:   c8 e8 4e c8 fe ff 48 8b d8 ff 15 c5 46 00 00 c7 


Register to memory mapping:

RAX=0x00000000521af5a0 is an unknown value
RBX=0x000000000000000c is an unknown value
RCX=0x0000000000000000 is an unknown value
RDX=0x0000000000000028 is an unknown value
RSP=0x000000001b1cf630 is pointing into the stack for thread: 0x0000000019569800
RBP=0x000000001b1cf8a0 is pointing into the stack for thread: 0x0000000019569800
RSI=0x0000000000000004 is an unknown value
RDI=0x00000000521633c0 is an unknown value
R8 =0x000000001b1cf698 is pointing into the stack for thread: 0x0000000019569800
R9 =0x7efefefefefeff6b is an unknown value
R10=0x81010101010100f8 is an unknown value
R11=0x8101010101010100 is an unknown value
R12=0x00000000521a91d8 is an unknown value
R13=0x000000001956a3b8 is an unknown value
R14=0x0000000000000000 is an unknown value
R15=0x0000000000000000 is an unknown value


Stack: [0x000000001b0d0000,0x000000001b1d0000],  sp=0x000000001b1cf630,  free space=1021k
Native frames: (J=compiled Java code, j=interpreted, Vv=VM code, C=native code)
C  [jdwp.dll+0x22b4c]
C  [dt_socket.dll+0x108e]
C  [dt_socket.dll+0x15f6]
C  [jdwp.dll+0x1fcf5]
C  [jdwp.dll+0xed38]
V  [jvm.dll+0x1bd7da]
V  [jvm.dll+0x24533f]
V  [jvm.dll+0x29cc4a]
C  [msvcr100.dll+0x21d9f]
C  [msvcr100.dll+0x21e3b]
C  [KERNEL32.DLL+0x11fe4]
C  [ntdll.dll+0x6efc1]


---------------  P R O C E S S  ---------------

Java Threads: ( => current thread )
  0x00000000195ae000 JavaThread "Service Thread" daemon [_thread_blocked, id=7084, stack(0x000000001b8d0000,0x000000001b9d0000)]
  0x0000000019579800 JavaThread "C1 CompilerThread2" daemon [_thread_blocked, id=14820, stack(0x000000001b3d0000,0x000000001b4d0000)]
  0x0000000019578800 JavaThread "C2 CompilerThread1" daemon [_thread_blocked, id=9616, stack(0x000000001b2d0000,0x000000001b3d0000)]
  0x0000000019576800 JavaThread "C2 CompilerThread0" daemon [_thread_blocked, id=16704, stack(0x000000001b1d0000,0x000000001b2d0000)]
=>0x0000000019569800 JavaThread "JDWP Command Reader" daemon [_thread_in_native, id=8432, stack(0x000000001b0d0000,0x000000001b1d0000)]
  0x0000000019568000 JavaThread "JDWP Event Helper Thread" daemon [_thread_blocked, id=17084, stack(0x000000001afd0000,0x000000001b0d0000)]
  0x0000000019556800 JavaThread "JDWP Transport Listener: dt_socket" daemon [_thread_blocked, id=11888, stack(0x000000001aed0000,0x000000001afd0000)]
  0x000000001954c800 JavaThread "Attach Listener" daemon [_thread_blocked, id=16560, stack(0x000000001aa90000,0x000000001ab90000)]
  0x000000001954b000 JavaThread "Signal Dispatcher" daemon [_thread_blocked, id=2452, stack(0x000000001a990000,0x000000001aa90000)]
  0x000000001953a800 JavaThread "Finalizer" daemon [_thread_blocked, id=16380, stack(0x000000001a7a0000,0x000000001a8a0000)]
  0x0000000019518800 JavaThread "Reference Handler" daemon [_thread_blocked, id=6220, stack(0x000000001a6a0000,0x000000001a7a0000)]

Other Threads:
  0x0000000019516800 VMThread [stack: 0x000000001a5a0000,0x000000001a6a0000] [id=244]

VM state:at safepoint (normal execution)

VM Mutex/Monitor currently owned by a thread:  ([mutex/lock_event])
[0x000000000130eb20] Threads_lock - owner thread: 0x0000000019516800
[0x000000000130e120] Heap_lock - owner thread: 0x0000000001412800

Heap:
 PSYoungGen      total 38400K, used 3328K [0x00000000d5980000, 0x00000000d8400000, 0x0000000100000000)
  eden space 33280K, 10% used [0x00000000d5980000,0x00000000d5cc02c0,0x00000000d7a00000)
  from space 5120K, 0% used [0x00000000d7f00000,0x00000000d7f00000,0x00000000d8400000)
  to   space 5120K, 0% used [0x00000000d7a00000,0x00000000d7a00000,0x00000000d7f00000)
 ParOldGen       total 87552K, used 0K [0x0000000080c00000, 0x0000000086180000, 0x00000000d5980000)
  object space 87552K, 0% used [0x0000000080c00000,0x0000000080c00000,0x0000000086180000)
 Metaspace       used 3333K, capacity 4500K, committed 4864K, reserved 1056768K
  class space    used 386K, capacity 388K, committed 512K, reserved 1048576K

Card table byte_map: [0x00000000018d0000,0x0000000001cd0000] byte_map_base: 0x00000000014ca000

Marking Bits: (ParMarkBitMap*) 0x0000000052d7f860
 Begin Bits: [0x0000000014810000, 0x00000000167e0000)
 End Bits:   [0x00000000167e0000, 0x00000000187b0000)

Polling page: 0x0000000000d60000

CodeCache: size=245760Kb used=1218Kb max_used=1218Kb free=244541Kb
 bounds [0x0000000005410000, 0x0000000005680000, 0x0000000014410000]
 total_blobs=311 nmethods=78 adapters=154
 compilation: enabled

Compilation events (10 events):
Event: 0.263 Thread 0x0000000019579800   74       3       java.util.StringTokenizer::scanToken (179 bytes)
Event: 0.264 Thread 0x0000000019579800 nmethod 74 0x000000000553bb90 code [0x000000000553be20, 0x000000000553d158]
Event: 0.264 Thread 0x0000000019579800   76       3       java.util.StringTokenizer::skipDelimiters (116 bytes)
Event: 0.264 Thread 0x0000000019579800 nmethod 76 0x000000000553d950 code [0x000000000553db60, 0x000000000553e738]
Event: 0.264 Thread 0x0000000019579800   75       3       java.util.HashSet::add (20 bytes)
Event: 0.265 Thread 0x0000000019579800 nmethod 75 0x000000000553ec50 code [0x000000000553ede0, 0x000000000553f2f8]
Event: 3.723 Thread 0x0000000019579800   77       3       java.lang.StringBuilder::<init> (7 bytes)
Event: 3.723 Thread 0x0000000019579800 nmethod 77 0x0000000005540350 code [0x00000000055404c0, 0x0000000005540770]
Event: 3.725 Thread 0x0000000019579800   78       3       java.util.AbstractCollection::<init> (5 bytes)
Event: 3.725 Thread 0x0000000019579800 nmethod 78 0x0000000005540890 code [0x00000000055409e0, 0x0000000005540b90]

GC Heap History (0 events):
No events

Deoptimization events (1 events):
Event: 0.239 Thread 0x0000000001412800 Uncommon trap: reason=unstable_if action=reinterpret pc=0x000000000552c57c method=java.lang.String.hashCode()I @ 14

Classes redefined (0 events):
No events

Internal exceptions (6 events):
Event: 0.043 Thread 0x0000000001412800 Exception <a 'java/lang/NoSuchMethodError': Method sun.misc.Unsafe.defineClass(Ljava/lang/String;[BII)Ljava/lang/Class; name or signature does not match> (0x00000000d5987ca0) thrown at [C:\re\workspace\8-2-build-windows-amd64-cygwin\jdk8u161\10277\hotspot
Event: 0.043 Thread 0x0000000001412800 Exception <a 'java/lang/NoSuchMethodError': Method sun.misc.Unsafe.prefetchRead(Ljava/lang/Object;J)V name or signature does not match> (0x00000000d5987f88) thrown at [C:\re\workspace\8-2-build-windows-amd64-cygwin\jdk8u161\10277\hotspot\src\share\vm\prim
Event: 0.255 Thread 0x0000000001412800 Exception <a 'java/security/PrivilegedActionException'> (0x00000000d5b93f30) thrown at [C:\re\workspace\8-2-build-windows-amd64-cygwin\jdk8u161\10277\hotspot\src\share\vm\prims\jvm.cpp, line 1390]
Event: 0.255 Thread 0x0000000001412800 Exception <a 'java/security/PrivilegedActionException'> (0x00000000d5b94140) thrown at [C:\re\workspace\8-2-build-windows-amd64-cygwin\jdk8u161\10277\hotspot\src\share\vm\prims\jvm.cpp, line 1390]
Event: 0.255 Thread 0x0000000001412800 Exception <a 'java/security/PrivilegedActionException'> (0x00000000d5b97f98) thrown at [C:\re\workspace\8-2-build-windows-amd64-cygwin\jdk8u161\10277\hotspot\src\share\vm\prims\jvm.cpp, line 1390]
Event: 0.255 Thread 0x0000000001412800 Exception <a 'java/security/PrivilegedActionException'> (0x00000000d5b981a8) thrown at [C:\re\workspace\8-2-build-windows-amd64-cygwin\jdk8u161\10277\hotspot\src\share\vm\prims\jvm.cpp, line 1390]

Events (10 events):
Event: 3.723 loading class java/util/ArrayList$SubList$1 done
Event: 3.723 loading class Function
Event: 3.723 loading class Function done
Event: 3.725 Thread 0x0000000001412800 Thread exited: 0x0000000001412800
Event: 3.725 Thread 0x0000000001412800 Thread added: 0x0000000001412800
Event: 3.725 loading class java/lang/Shutdown
Event: 3.725 loading class java/lang/Shutdown done
Event: 3.726 loading class java/lang/Shutdown$Lock
Event: 3.726 loading class java/lang/Shutdown$Lock done
Event: 3.726 Thread 0x0000000001412800 Thread exited: 0x0000000001412800


Dynamic libraries:
0x00007ff7d4e50000 - 0x00007ff7d4e87000 	C:\Program Files\Java\jre1.8.0_161\bin\javaw.exe
0x00007ffe67220000 - 0x00007ffe67400000 	C:\WINDOWS\SYSTEM32\ntdll.dll
0x00007ffe658e0000 - 0x00007ffe6598e000 	C:\WINDOWS\System32\KERNEL32.DLL
0x00007ffe637f0000 - 0x00007ffe63a56000 	C:\WINDOWS\System32\KERNELBASE.dll
0x00007ffe64990000 - 0x00007ffe64a31000 	C:\WINDOWS\System32\ADVAPI32.dll
0x00007ffe64fe0000 - 0x00007ffe6507d000 	C:\WINDOWS\System32\msvcrt.dll
0x00007ffe65a50000 - 0x00007ffe65aab000 	C:\WINDOWS\System32\sechost.dll
0x00007ffe65ab0000 - 0x00007ffe65bcf000 	C:\WINDOWS\System32\RPCRT4.dll
0x00007ffe64be0000 - 0x00007ffe64d6f000 	C:\WINDOWS\System32\USER32.dll
0x00007ffe641b0000 - 0x00007ffe641d0000 	C:\WINDOWS\System32\win32u.dll
0x00007ffe671c0000 - 0x00007ffe671e8000 	C:\WINDOWS\System32\GDI32.dll
0x00007ffe64550000 - 0x00007ffe646e3000 	C:\WINDOWS\System32\gdi32full.dll
0x00007ffe636d0000 - 0x00007ffe6376b000 	C:\WINDOWS\System32\msvcp_win.dll
0x00007ffe64450000 - 0x00007ffe64546000 	C:\WINDOWS\System32\ucrtbase.dll
0x00007ffe55710000 - 0x00007ffe55979000 	C:\WINDOWS\WinSxS\amd64_microsoft.windows.common-controls_6595b64144ccf1df_6.0.16299.309_none_15cfd4c4935e6b11\COMCTL32.dll
0x00007ffe650f0000 - 0x00007ffe653f8000 	C:\WINDOWS\System32\combase.dll
0x00007ffe63770000 - 0x00007ffe637e2000 	C:\WINDOWS\System32\bcryptPrimitives.dll
0x00007ffe65400000 - 0x00007ffe6542d000 	C:\WINDOWS\System32\IMM32.DLL
0x00000000521c0000 - 0x0000000052292000 	C:\Program Files\Java\jre1.8.0_161\bin\msvcr100.dll
0x0000000052560000 - 0x0000000052dff000 	C:\Program Files\Java\jre1.8.0_161\bin\server\jvm.dll
0x00007ffe65990000 - 0x00007ffe65998000 	C:\WINDOWS\System32\PSAPI.DLL
0x00007ffe61630000 - 0x00007ffe61653000 	C:\WINDOWS\SYSTEM32\WINMM.dll
0x00007ffe5dbb0000 - 0x00007ffe5dbb9000 	C:\WINDOWS\SYSTEM32\WSOCK32.dll
0x00007ffe65080000 - 0x00007ffe650ec000 	C:\WINDOWS\System32\WS2_32.dll
0x00007ffe5a150000 - 0x00007ffe5a15a000 	C:\WINDOWS\SYSTEM32\VERSION.dll
0x00007ffe61600000 - 0x00007ffe6162a000 	C:\WINDOWS\SYSTEM32\WINMMBASE.dll
0x00007ffe63620000 - 0x00007ffe6366a000 	C:\WINDOWS\System32\cfgmgr32.dll
0x0000000053770000 - 0x000000005377f000 	C:\Program Files\Java\jre1.8.0_161\bin\verify.dll
0x0000000053740000 - 0x0000000053769000 	C:\Program Files\Java\jre1.8.0_161\bin\java.dll
0x0000000052180000 - 0x00000000521b5000 	C:\Program Files\Java\jre1.8.0_161\bin\jdwp.dll
0x0000000052170000 - 0x0000000052178000 	C:\Program Files\Java\jre1.8.0_161\bin\npt.dll
0x0000000053720000 - 0x0000000053736000 	C:\Program Files\Java\jre1.8.0_161\bin\zip.dll
0x00007ffe65d80000 - 0x00007ffe671b6000 	C:\WINDOWS\System32\SHELL32.dll
0x00007ffe659a0000 - 0x00007ffe65a46000 	C:\WINDOWS\System32\shcore.dll
0x00007ffe63a60000 - 0x00007ffe641a7000 	C:\WINDOWS\System32\windows.storage.dll
0x00007ffe65c50000 - 0x00007ffe65ca1000 	C:\WINDOWS\System32\shlwapi.dll
0x00007ffe63570000 - 0x00007ffe63581000 	C:\WINDOWS\System32\kernel.appcore.dll
0x00007ffe635b0000 - 0x00007ffe635fc000 	C:\WINDOWS\System32\powrprof.dll
0x00007ffe63590000 - 0x00007ffe635ab000 	C:\WINDOWS\System32\profapi.dll
0x0000000052160000 - 0x0000000052169000 	C:\Program Files\Java\jre1.8.0_161\bin\dt_socket.dll
0x00007ffe59570000 - 0x00007ffe59586000 	C:\WINDOWS\system32\napinsp.dll
0x00007ffe53570000 - 0x00007ffe5358a000 	C:\WINDOWS\system32\pnrpnsp.dll
0x00007ffe60040000 - 0x00007ffe60058000 	C:\WINDOWS\system32\NLAapi.dll
0x00007ffe62da0000 - 0x00007ffe62e06000 	C:\WINDOWS\System32\mswsock.dll
0x00007ffe62b70000 - 0x00007ffe62c26000 	C:\WINDOWS\SYSTEM32\DNSAPI.dll
0x00007ffe64860000 - 0x00007ffe64868000 	C:\WINDOWS\System32\NSI.dll
0x00007ffe62b30000 - 0x00007ffe62b69000 	C:\WINDOWS\SYSTEM32\IPHLPAPI.DLL
0x00007ffe5bcd0000 - 0x00007ffe5bcde000 	C:\WINDOWS\System32\winrnr.dll
0x00007ffe4c6a0000 - 0x00007ffe4c6b5000 	C:\WINDOWS\System32\wshbth.dll
0x00007ffe5aa30000 - 0x00007ffe5aaa0000 	C:\WINDOWS\System32\fwpuclnt.dll
0x00007ffe63070000 - 0x00007ffe63095000 	C:\WINDOWS\SYSTEM32\bcrypt.dll
0x00007ffe5acb0000 - 0x00007ffe5acba000 	C:\Windows\System32\rasadhlp.dll
0x00007ffe55fb0000 - 0x00007ffe56178000 	C:\WINDOWS\SYSTEM32\dbghelp.dll

VM Arguments:
jvm_args: -agentlib:jdwp=transport=dt_socket,suspend=y,address=localhost:64216 -Dfile.encoding=Cp1252 
java_command: BigNumber
java_class_path (initial): C:\Program Files\Java\jre1.8.0_161\lib\resources.jar;C:\Program Files\Java\jre1.8.0_161\lib\rt.jar;C:\Program Files\Java\jre1.8.0_161\lib\jsse.jar;C:\Program Files\Java\jre1.8.0_161\lib\jce.jar;C:\Program Files\Java\jre1.8.0_161\lib\charsets.jar;C:\Program Files\Java\jre1.8.0_161\lib\jfr.jar;C:\Program Files\Java\jre1.8.0_161\lib\ext\access-bridge-64.jar;C:\Program Files\Java\jre1.8.0_161\lib\ext\cldrdata.jar;C:\Program Files\Java\jre1.8.0_161\lib\ext\dnsns.jar;C:\Program Files\Java\jre1.8.0_161\lib\ext\jaccess.jar;C:\Program Files\Java\jre1.8.0_161\lib\ext\jfxrt.jar;C:\Program Files\Java\jre1.8.0_161\lib\ext\localedata.jar;C:\Program Files\Java\jre1.8.0_161\lib\ext\nashorn.jar;C:\Program Files\Java\jre1.8.0_161\lib\ext\sunec.jar;C:\Program Files\Java\jre1.8.0_161\lib\ext\sunjce_provider.jar;C:\Program Files\Java\jre1.8.0_161\lib\ext\sunmscapi.jar;C:\Program Files\Java\jre1.8.0_161\lib\ext\sunpkcs11.jar;C:\Program Files\Java\jre1.8.0_161\lib\ext\zipfs.jar;D:\reza\java\Number Commands\bin
Launcher Type: SUN_STANDARD

Environment Variables:
JAVA_HOME=C:\Program Files (x86)\Java\jdk1.8.0_131
PATH=C:/Program Files/Java/jre1.8.0_161/bin/server;C:/Program Files/Java/jre1.8.0_161/bin;C:/Program Files/Java/jre1.8.0_161/lib/amd64;C:\ProgramData\Oracle\Java\javapath;C:\WINDOWS\system32;C:\WINDOWS;C:\WINDOWS\System32\Wbem;C:\WINDOWS\System32\WindowsPowerShell\v1.0\;C:\Program Files\Microsoft SQL Server\130\Tools\Binn\;C:\Program Files (x86)\Java\jdk1.8.0_131\bin;C:\Users\Administrator\AppData\Local\Microsoft\WindowsApps;;C:\Users\Administrator\Downloads\Compressed\eclipse-java-oxygen-2-win32-x86_64\eclipse;
USERNAME=Administrator
OS=Windows_NT
PROCESSOR_IDENTIFIER=Intel64 Family 6 Model 42 Stepping 7, GenuineIntel



---------------  S Y S T E M  ---------------

OS: Windows 10.0 , 64 bit Build 16299 (10.0.16299.15)

CPU:total 4 (initial active 4) (2 cores per cpu, 2 threads per core) family 6 model 42 stepping 7, cmov, cx8, fxsr, mmx, sse, sse2, sse3, ssse3, sse4.1, sse4.2, popcnt, avx, aes, clmul, ht, tsc, tscinvbit

Memory: 4k page, physical 8337772k(2272636k free), swap 18823532k(4455832k free)

vm_info: Java HotSpot(TM) 64-Bit Server VM (25.161-b12) for windows-amd64 JRE (1.8.0_161-b12), built on Dec 19 2017 17:52:25 by "java_re" with MS VC++ 10.0 (VS2010)

time: Fri Mar 30 01:44:25 2018
elapsed time: 3 seconds (0d 0h 0m 3s)

