Active-HDL 12.0.118.7745 2021-04-07 11:42:00

Elaboration top modules:
VHDL Configuration            testbench_for_top


-----------------------------------------------------------------------------------------------
Entity    | Architecture    | Library | Info | Compiler Version          | Compilation Options
-----------------------------------------------------------------------------------------------
top_tb    | TB_ARCHITECTURE | cad3    |      | 12.0.118.7745 (Windows64) | -dbg
top       | top             | cad3    |      | 12.0.118.7745 (Windows64) | -dbg
subModule | subModule       | cad3    |      | 12.0.118.7745 (Windows64) | -dbg
-----------------------------------------------------------------------------------------------

-----------------------------------------------------------------------------------------------
VHDL Configuration          | Library | Info | Compiler Version          | Compilation Options
-----------------------------------------------------------------------------------------------
testbench_for_top           | cad3    |      |                           | <unavailable>
-----------------------------------------------------------------------------------------------

-----------------------------------------------------------------------------------------------
VHDL Package                | Library | Info | Compiler Version          | Compilation Options
-----------------------------------------------------------------------------------------------
standard                    | std     |      |                           | <unavailable>
TEXTIO                      | std     |      |                           | <unavailable>
std_logic_1164              | ieee    |      |                           | <unavailable>
NUMERIC_STD                 | ieee    |      |                           | <unavailable>
-----------------------------------------------------------------------------------------------

-----------------------------------------------------------------------------------------------
Library                     | Comment
-----------------------------------------------------------------------------------------------
cad3                        | None
ieee                        | Standard IEEE packages library
std                         | Standard VHDL library
-----------------------------------------------------------------------------------------------
